2024-12-03 13:47:48,875 - __main__ - INFO - Banco de dados inicializado com sucesso.
2024-12-03 13:47:49,855 - __main__ - INFO - Banco de dados inicializado com sucesso.
2024-12-03 13:47:49,878 - werkzeug - WARNING -  * Debugger is active!
2024-12-03 13:48:03,388 - __main__ - INFO - Validando conexão RTSP para MyDocs 1...
2024-12-03 13:48:04,345 - __main__ - INFO - Câmera MyDocs 1 adicionada com sucesso.
2024-12-03 13:48:04,349 - __main__ - INFO - Iniciando contêiner FFmpeg para câmera MyDocs_1_Area_Externa_1.
2024-12-03 13:48:48,486 - __main__ - INFO - Banco de dados inicializado com sucesso.
2024-12-03 13:48:48,494 - __main__ - INFO - Reiniciando contêiner FFmpeg para câmera 1.
2024-12-03 13:49:31,430 - __main__ - INFO - Banco de dados inicializado com sucesso.
2024-12-03 13:49:32,436 - __main__ - INFO - Banco de dados inicializado com sucesso.
2024-12-03 13:49:32,461 - werkzeug - WARNING -  * Debugger is active!
2024-12-03 13:49:36,704 - __main__ - INFO - Validando conexão RTSP para MyDocs 1...
2024-12-03 13:49:37,660 - __main__ - INFO - Câmera MyDocs 1 adicionada com sucesso.
2024-12-03 13:49:37,664 - __main__ - INFO - Iniciando contêiner FFmpeg para câmera MyDocs_1_Area_Externa_1.
2024-12-03 13:54:06,049 - __main__ - INFO - Banco de dados inicializado com sucesso.
2024-12-03 13:54:06,057 - __main__ - INFO - Reiniciando contêiner FFmpeg para câmera 1.
2024-12-03 13:54:28,469 - __main__ - INFO - Banco de dados inicializado com sucesso.
2024-12-03 13:54:29,735 - __main__ - INFO - Banco de dados inicializado com sucesso.
2024-12-03 13:54:29,764 - werkzeug - WARNING -  * Debugger is active!
2024-12-03 13:54:31,842 - __main__ - INFO - Validando conexão RTSP para MyDocs 1...
2024-12-03 13:54:32,801 - __main__ - INFO - Câmera MyDocs 1 adicionada com sucesso.
2024-12-03 13:54:32,805 - __main__ - INFO - Iniciando contêiner FFmpeg para câmera MyDocs_1_Area_Externa_1.
2024-12-03 13:54:55,295 - __main__ - INFO - Validando conexão RTSP para MyDocs 2...
2024-12-03 13:54:56,378 - __main__ - INFO - Câmera MyDocs 2 adicionada com sucesso.
2024-12-03 13:54:56,382 - __main__ - INFO - Iniciando contêiner FFmpeg para câmera MyDocs_2_Area_Externa_2.
2024-12-03 14:03:10,202 - __main__ - INFO - Banco de dados inicializado com sucesso.
2024-12-03 14:03:10,213 - __main__ - INFO - Reiniciando contêiner FFmpeg para câmera 1.
2024-12-03 14:03:23,586 - __main__ - INFO - Banco de dados inicializado com sucesso.
2024-12-03 14:03:23,635 - __main__ - INFO - Reiniciando contêiner FFmpeg para câmera 1.
2024-12-03 14:05:31,057 - __main__ - INFO - Banco de dados inicializado com sucesso.
2024-12-03 14:05:31,068 - __main__ - INFO - Reiniciando contêiner FFmpeg para câmera MyDocs_1_Area_Externa_1.
2024-12-03 14:05:44,424 - __main__ - INFO - Banco de dados inicializado com sucesso.
2024-12-03 14:05:46,119 - __main__ - INFO - Banco de dados inicializado com sucesso.
2024-12-03 14:05:46,167 - werkzeug - WARNING -  * Debugger is active!
2024-12-03 14:06:46,702 - __main__ - INFO - Validando conexão RTSP para MyDocs 2...
2024-12-03 14:06:47,743 - __main__ - INFO - Câmera MyDocs 2 adicionada com sucesso.
2024-12-03 14:06:47,746 - __main__ - INFO - Iniciando contêiner FFmpeg para câmera MyDocs_2_Area_Externa_1.
2024-12-03 14:09:37,624 - __main__ - INFO - Banco de dados inicializado com sucesso.
2024-12-03 14:09:37,716 - __main__ - INFO - Reiniciando contêiner FFmpeg para câmera MyDocs_2_Area_Externa_1.
2024-12-03 14:09:55,135 - __main__ - INFO - Banco de dados inicializado com sucesso.
2024-12-03 14:09:55,178 - __main__ - INFO - Reiniciando contêiner FFmpeg para câmera MyDocs_2_Area_Externa_1.
2024-12-03 14:10:29,832 - __main__ - INFO - Banco de dados inicializado com sucesso.
2024-12-03 14:10:32,523 - __main__ - INFO - Banco de dados inicializado com sucesso.
2024-12-03 14:10:32,626 - werkzeug - WARNING -  * Debugger is active!
2024-12-03 14:10:39,638 - __main__ - INFO - Validando conexão RTSP para MyDocs 2...
2024-12-03 14:10:40,864 - __main__ - INFO - Câmera MyDocs 2 adicionada com sucesso.
2024-12-03 14:10:40,875 - __main__ - INFO - Iniciando contêiner FFmpeg para câmera MyDocs_2_Area_Externa_1.
2024-12-03 14:11:41,012 - __main__ - INFO - Banco de dados inicializado com sucesso.
2024-12-03 14:11:42,106 - __main__ - INFO - Banco de dados inicializado com sucesso.
2024-12-03 14:11:42,130 - werkzeug - WARNING -  * Debugger is active!
2024-12-03 14:11:46,802 - __main__ - INFO - Validando conexão RTSP para MyDocs 2...
2024-12-03 14:11:47,793 - __main__ - INFO - Câmera MyDocs 2 adicionada com sucesso.
2024-12-03 14:11:47,798 - __main__ - INFO - Iniciando contêiner FFmpeg para câmera MyDocs_2_Area_Externa_1.
2024-12-03 14:11:57,804 - __main__ - INFO - Validando conexão RTSP para atualização da câmera MyDocs 2...
2024-12-03 14:13:19,373 - __main__ - INFO - Banco de dados inicializado com sucesso.
2024-12-03 14:13:19,380 - __main__ - INFO - Reiniciando contêiner FFmpeg para câmera MyDocs_2_Area_Externa_1.
2024-12-03 14:13:22,538 - __main__ - INFO - Banco de dados inicializado com sucesso.
2024-12-03 14:13:22,553 - __main__ - INFO - Reiniciando contêiner FFmpeg para câmera MyDocs_2_Area_Externa_1.
2024-12-03 14:14:31,148 - __main__ - INFO - Banco de dados inicializado com sucesso.
2024-12-03 14:14:32,272 - __main__ - INFO - Banco de dados inicializado com sucesso.
2024-12-03 14:14:32,293 - werkzeug - WARNING -  * Debugger is active!
2024-12-03 14:14:36,854 - __main__ - INFO - Validando conexão RTSP para MyDocs 2...
2024-12-03 14:14:37,889 - __main__ - INFO - Câmera MyDocs 2 adicionada com sucesso.
2024-12-03 14:14:37,894 - __main__ - INFO - Iniciando contêiner FFmpeg para câmera MyDocs_2_Area_Externa_1.
2024-12-03 14:14:55,183 - __main__ - INFO - Validando conexão RTSP para atualização da câmera MyDocs 2...
2024-12-03 14:14:56,115 - __main__ - INFO - Diretório /home/vagrant/go2rtc/app/output/1 removido com sucesso.
2024-12-03 14:14:56,132 - __main__ - INFO - Câmera cam1 atualizada com sucesso.
2024-12-03 14:15:48,436 - __main__ - INFO - Câmera cam1 removida com sucesso.
2024-12-03 14:15:48,437 - __main__ - INFO - Diretório /home/vagrant/go2rtc/app/output/1 removido com sucesso.
2024-12-03 14:16:02,691 - __main__ - INFO - Validando conexão RTSP para MyDocs 2...
2024-12-03 14:16:03,674 - __main__ - INFO - Câmera MyDocs 2 adicionada com sucesso.
2024-12-03 14:16:03,676 - __main__ - INFO - Iniciando contêiner FFmpeg para câmera MyDocs_2_Area_Externa_1.
2024-12-03 14:18:25,136 - __main__ - INFO - Banco de dados inicializado com sucesso.
2024-12-03 14:18:25,148 - __main__ - INFO - Reiniciando contêiner FFmpeg para câmera MyDocs_2_Area_Externa_1.
2024-12-03 14:20:17,609 - __main__ - INFO - Banco de dados inicializado com sucesso.
2024-12-03 14:20:18,465 - __main__ - INFO - Banco de dados inicializado com sucesso.
2024-12-03 14:20:18,495 - werkzeug - WARNING -  * Debugger is active!
2024-12-03 14:20:25,297 - __main__ - INFO - Validando conexão RTSP para MyDocs 2...
2024-12-03 14:20:26,265 - __main__ - INFO - Câmera MyDocs 2 adicionada com sucesso.
2024-12-03 14:20:40,072 - __main__ - INFO - Validando conexão RTSP para atualização da câmera MyDocs 2...
2024-12-03 14:21:41,784 - __main__ - INFO - Banco de dados inicializado com sucesso.
2024-12-03 14:23:14,113 - __main__ - INFO - Banco de dados inicializado com sucesso.
2024-12-03 14:23:15,034 - __main__ - INFO - Banco de dados inicializado com sucesso.
2024-12-03 14:23:15,061 - werkzeug - WARNING -  * Debugger is active!
2024-12-03 14:23:21,853 - __main__ - INFO - Validando conexão RTSP para MyDocs 2...
2024-12-03 14:23:22,829 - __main__ - INFO - Câmera MyDocs 2 adicionada com sucesso.
2024-12-03 14:23:29,386 - __main__ - INFO - Validando conexão RTSP para atualização da câmera MyDocs 2...
2024-12-03 14:23:30,971 - __main__ - INFO - Diretório /home/vagrant/go2rtc/app/output/1 removido com sucesso.
2024-12-03 14:23:30,984 - __main__ - INFO - Câmera cam1 atualizada com sucesso.
2024-12-03 14:25:33,117 - __main__ - INFO - Banco de dados inicializado com sucesso.
2024-12-03 14:25:33,123 - __main__ - INFO - Reiniciando contêiner FFmpeg para câmera 1.
2024-12-03 14:25:35,650 - __main__ - INFO - Banco de dados inicializado com sucesso.
2024-12-03 14:25:35,655 - __main__ - INFO - Reiniciando contêiner FFmpeg para câmera 1.
2024-12-03 14:25:37,712 - werkzeug - WARNING -  * Debugger is active!
2024-12-03 14:25:55,271 - __main__ - INFO - Validando conexão RTSP para MyDocs 2...
2024-12-03 14:25:56,259 - __main__ - INFO - Câmera MyDocs 2 adicionada com sucesso.
2024-12-03 14:25:56,264 - __main__ - INFO - Iniciando contêiner FFmpeg para câmera 2.
2024-12-03 14:26:13,480 - __main__ - INFO - Validando conexão RTSP para atualização da câmera MyDocs 2...
2024-12-03 14:26:16,863 - __main__ - INFO - Câmera cam3 atualizada com sucesso.
2024-12-03 14:26:41,731 - __main__ - INFO - Validando conexão RTSP para atualização da câmera cam3...
2024-12-03 14:26:46,734 - __main__ - INFO - Câmera cam1 atualizada com sucesso.
2024-12-03 14:27:48,220 - __main__ - INFO - Banco de dados inicializado com sucesso.
2024-12-03 14:27:48,225 - __main__ - INFO - Reiniciando contêiner FFmpeg para câmera 1.
2024-12-03 14:27:49,953 - __main__ - INFO - Reiniciando contêiner FFmpeg para câmera 2.
2024-12-03 14:27:53,003 - __main__ - INFO - Banco de dados inicializado com sucesso.
2024-12-03 14:27:53,008 - __main__ - INFO - Reiniciando contêiner FFmpeg para câmera 1.
2024-12-03 14:27:55,497 - __main__ - INFO - Reiniciando contêiner FFmpeg para câmera 2.
2024-12-03 14:27:58,333 - werkzeug - WARNING -  * Debugger is active!
2024-12-03 14:30:12,228 - __main__ - INFO - Banco de dados inicializado com sucesso.
2024-12-03 14:30:12,239 - __main__ - INFO - Reiniciando contêiner FFmpeg para câmera 1.
2024-12-03 14:30:15,326 - __main__ - INFO - Reiniciando contêiner FFmpeg para câmera 2.
2024-12-03 14:30:20,021 - __main__ - INFO - Banco de dados inicializado com sucesso.
2024-12-03 14:30:20,044 - __main__ - INFO - Reiniciando contêiner FFmpeg para câmera 1.
2024-12-03 14:30:23,266 - __main__ - INFO - Reiniciando contêiner FFmpeg para câmera 2.
2024-12-03 14:30:26,348 - werkzeug - WARNING -  * Debugger is active!
2024-12-03 14:30:43,710 - __main__ - INFO - Câmera cam1 removida com sucesso.
2024-12-03 14:30:43,710 - __main__ - INFO - Diretório /home/vagrant/go2rtc/app/output/2 removido com sucesso.
2024-12-03 14:34:47,341 - __main__ - INFO - Banco de dados inicializado com sucesso.
2024-12-03 14:34:47,348 - __main__ - INFO - Reiniciando contêiner FFmpeg para câmera 1.
2024-12-03 14:34:50,657 - __main__ - INFO - Banco de dados inicializado com sucesso.
2024-12-03 14:34:50,666 - __main__ - INFO - Reiniciando contêiner FFmpeg para câmera 1.
2024-12-03 14:34:53,213 - werkzeug - WARNING -  * Debugger is active!
2024-12-03 14:36:59,926 - __main__ - INFO - Banco de dados inicializado com sucesso.
2024-12-03 14:36:59,933 - __main__ - INFO - Reiniciando contêiner FFmpeg para câmera 1.
2024-12-03 14:37:03,127 - __main__ - INFO - Banco de dados inicializado com sucesso.
2024-12-03 14:37:03,133 - __main__ - INFO - Reiniciando contêiner FFmpeg para câmera 1.
2024-12-03 14:37:05,321 - werkzeug - WARNING -  * Debugger is active!
2024-12-03 14:40:45,010 - __main__ - INFO - Banco de dados inicializado com sucesso.
2024-12-03 14:40:45,015 - __main__ - INFO - Reiniciando contêiner FFmpeg para câmera 1.
2024-12-03 14:40:48,452 - __main__ - INFO - Banco de dados inicializado com sucesso.
2024-12-03 14:40:48,460 - __main__ - INFO - Reiniciando contêiner FFmpeg para câmera 1.
2024-12-03 14:40:51,905 - werkzeug - WARNING -  * Debugger is active!
2024-12-03 14:41:42,695 - __main__ - INFO - Banco de dados inicializado com sucesso.
2024-12-03 14:41:42,701 - __main__ - INFO - Reiniciando contêiner FFmpeg para câmera 1.
2024-12-03 14:41:45,816 - __main__ - INFO - Banco de dados inicializado com sucesso.
2024-12-03 14:41:45,823 - __main__ - INFO - Reiniciando contêiner FFmpeg para câmera 1.
2024-12-03 14:41:48,781 - werkzeug - WARNING -  * Debugger is active!
2024-12-03 14:42:34,955 - __main__ - INFO - Câmera cam1 removida com sucesso.
2024-12-03 14:42:34,956 - __main__ - INFO - Diretório /home/vagrant/go2rtc/app/output/1 removido com sucesso.
2024-12-03 14:42:42,120 - __main__ - INFO - Validando conexão RTSP para MyDocs 2...
2024-12-03 14:42:43,058 - __main__ - INFO - Câmera MyDocs 2 adicionada com sucesso.
2024-12-03 14:42:43,060 - __main__ - INFO - Iniciando contêiner FFmpeg para câmera 1.
2024-12-03 14:48:38,616 - __main__ - INFO - Câmera MyDocs 2 removida com sucesso.
2024-12-03 14:48:38,618 - __main__ - INFO - Diretório /home/vagrant/go2rtc/app/output/1 removido com sucesso.
2024-12-03 14:48:55,592 - __main__ - INFO - Validando conexão RTSP...
2024-12-03 14:48:55,688 - __main__ - ERROR - Falha ao conectar ao fluxo RTSP: rtsp://projetos:h0wb3%40123@192.168.94.202:554/cam/realmonitor?channel=1&subtype=1&proto=Onvif
2024-12-03 14:49:00,184 - __main__ - INFO - Validando conexão RTSP...
2024-12-03 14:49:01,803 - __main__ - INFO - Validando conexão RTSP para Teste 2...
2024-12-03 14:49:02,732 - __main__ - INFO - Câmera Teste 2 adicionada com sucesso.
2024-12-03 14:49:02,736 - __main__ - INFO - Validando conexão RTSP...
2024-12-03 14:49:02,754 - __main__ - INFO - Iniciando contêiner FFmpeg para câmera 1.
2024-12-03 14:49:04,118 - __main__ - WARNING - Câmera com nome Teste 2 e agrupamento Teste já existe.
2024-12-03 14:56:26,765 - __main__ - INFO - Banco de dados inicializado com sucesso.
2024-12-03 14:56:26,788 - __main__ - INFO - Reiniciando contêiner FFmpeg para câmera 1.
2024-12-03 14:56:29,492 - werkzeug - WARNING -  * Debugger is active!
2024-12-03 14:57:53,162 - __main__ - INFO - Banco de dados inicializado com sucesso.
2024-12-03 14:57:53,178 - __main__ - INFO - Reiniciando contêiner FFmpeg para câmera 1.
2024-12-03 14:57:55,268 - werkzeug - WARNING -  * Debugger is active!
2024-12-03 14:58:12,456 - __main__ - INFO - Banco de dados inicializado com sucesso.
2024-12-03 14:58:12,472 - __main__ - INFO - Reiniciando contêiner FFmpeg para câmera 1.
2024-12-03 14:58:14,844 - werkzeug - WARNING -  * Debugger is active!
2024-12-03 14:58:27,984 - __main__ - INFO - Banco de dados inicializado com sucesso.
2024-12-03 14:58:27,998 - __main__ - INFO - Reiniciando contêiner FFmpeg para câmera 1.
2024-12-03 14:58:30,549 - werkzeug - WARNING -  * Debugger is active!
2024-12-03 14:58:39,687 - __main__ - INFO - Banco de dados inicializado com sucesso.
2024-12-03 14:58:39,709 - __main__ - INFO - Reiniciando contêiner FFmpeg para câmera 1.
2024-12-03 14:58:42,082 - werkzeug - WARNING -  * Debugger is active!
2024-12-03 14:59:17,739 - __main__ - INFO - Banco de dados inicializado com sucesso.
2024-12-03 14:59:18,743 - __main__ - INFO - Banco de dados inicializado com sucesso.
2024-12-03 14:59:18,779 - werkzeug - WARNING -  * Debugger is active!
2024-12-03 14:59:57,540 - __main__ - INFO - Validando conexão RTSP...
2024-12-03 14:59:59,197 - __main__ - INFO - Validando conexão RTSP para Cam1-Front...
2024-12-03 15:00:00,196 - __main__ - INFO - Câmera Cam1-Front adicionada com sucesso.
2024-12-03 15:00:00,202 - __main__ - INFO - Iniciando contêiner FFmpeg para câmera 1.
2024-12-03 15:00:04,571 - __main__ - INFO - Validando conexão RTSP...
2024-12-03 15:00:06,250 - __main__ - INFO - Validando conexão RTSP para Cam1 Front...
2024-12-03 15:00:07,190 - __main__ - INFO - Câmera Cam1 Front adicionada com sucesso.
2024-12-03 15:00:07,192 - __main__ - INFO - Iniciando contêiner FFmpeg para câmera 2.
2024-12-03 15:00:26,410 - __main__ - INFO - Banco de dados inicializado com sucesso.
2024-12-03 15:00:26,453 - werkzeug - WARNING -  * Debugger is active!
2024-12-03 15:00:27,247 - __main__ - INFO - Validando conexão RTSP...
2024-12-03 15:00:28,925 - __main__ - WARNING - Câmera com nome Cam1 Front e agrupamento Teste já existe.
2024-12-03 15:00:43,030 - __main__ - INFO - Câmera Cam1 Front removida com sucesso.
2024-12-03 15:00:52,862 - __main__ - INFO - Câmera Cam1-Front removida com sucesso.
2024-12-03 15:01:28,377 - __main__ - INFO - Validando conexão RTSP para MyDocs 2...
2024-12-03 15:01:29,324 - __main__ - INFO - Câmera MyDocs 2 adicionada com sucesso.
2024-12-03 15:01:29,328 - __main__ - INFO - Iniciando contêiner FFmpeg para câmera 1.
2024-12-03 15:01:43,331 - __main__ - INFO - Câmera MyDocs 2 removida com sucesso.
2024-12-03 15:01:43,332 - __main__ - INFO - Diretório /home/vagrant/go2rtc/app/output/1 removido com sucesso.
2024-12-03 15:02:02,345 - __main__ - INFO - Validando conexão RTSP...
2024-12-03 15:02:03,982 - __main__ - INFO - Validando conexão RTSP para tres...
2024-12-03 15:02:04,985 - __main__ - INFO - Câmera tres adicionada com sucesso.
2024-12-03 15:02:04,988 - __main__ - INFO - Iniciando contêiner FFmpeg para câmera 1.
2024-12-03 15:15:03,225 - __main__ - INFO - Banco de dados inicializado com sucesso.
2024-12-03 15:15:03,249 - __main__ - INFO - Reiniciando contêiner FFmpeg para câmera 1.
2024-12-03 15:15:05,912 - werkzeug - WARNING -  * Debugger is active!
2024-12-03 15:15:31,112 - __main__ - INFO - Banco de dados inicializado com sucesso.
2024-12-03 15:15:31,124 - __main__ - INFO - Reiniciando contêiner FFmpeg para câmera 1.
2024-12-03 15:15:34,190 - werkzeug - WARNING -  * Debugger is active!
2024-12-03 15:15:47,389 - __main__ - INFO - Banco de dados inicializado com sucesso.
2024-12-03 15:15:47,405 - __main__ - INFO - Reiniciando contêiner FFmpeg para câmera 1.
2024-12-03 15:15:49,729 - werkzeug - WARNING -  * Debugger is active!
2024-12-03 15:15:58,949 - __main__ - INFO - Banco de dados inicializado com sucesso.
2024-12-03 15:15:58,968 - __main__ - INFO - Reiniciando contêiner FFmpeg para câmera 1.
2024-12-03 15:16:01,280 - werkzeug - WARNING -  * Debugger is active!
2024-12-03 15:35:35,604 - __main__ - INFO - Validando conexão RTSP para MyDocs 2...
2024-12-03 15:35:36,620 - __main__ - INFO - Câmera MyDocs 2 adicionada com sucesso.
2024-12-03 15:35:36,627 - __main__ - INFO - Iniciando contêiner FFmpeg para câmera 2.
2024-12-03 15:35:42,059 - __main__ - INFO - Validando conexão RTSP para MyDocs 5...
2024-12-03 15:35:42,994 - __main__ - INFO - Câmera MyDocs 5 adicionada com sucesso.
2024-12-03 15:35:42,998 - __main__ - INFO - Iniciando contêiner FFmpeg para câmera 3.
2024-12-03 15:43:45,457 - __main__ - INFO - Banco de dados inicializado com sucesso.
2024-12-03 15:44:26,477 - __main__ - INFO - Banco de dados inicializado com sucesso.
2024-12-03 15:44:58,470 - __main__ - INFO - Banco de dados inicializado com sucesso.
2024-12-03 15:46:33,819 - __main__ - INFO - Banco de dados inicializado com sucesso.
2024-12-03 15:46:35,190 - __main__ - INFO - Banco de dados inicializado com sucesso.
2024-12-03 15:46:35,249 - werkzeug - WARNING -  * Debugger is active!
2024-12-03 15:47:19,328 - __main__ - INFO - Validando conexão RTSP para MyDocs 5...
2024-12-03 15:47:20,354 - __main__ - INFO - Câmera MyDocs 5 adicionada com sucesso.
2024-12-03 15:47:20,358 - __main__ - INFO - Iniciando contêiner FFmpeg para câmera 1.
2024-12-03 15:48:16,781 - __main__ - INFO - Banco de dados inicializado com sucesso.
2024-12-03 15:48:17,557 - __main__ - INFO - Banco de dados inicializado com sucesso.
2024-12-03 15:48:17,598 - werkzeug - WARNING -  * Debugger is active!
2024-12-03 15:48:20,069 - __main__ - INFO - Validando conexão RTSP para MyDocs 4...
2024-12-03 15:48:21,061 - __main__ - INFO - Câmera MyDocs 4 adicionada com sucesso.
2024-12-03 15:48:21,069 - __main__ - INFO - Iniciando contêiner FFmpeg para câmera 2.
2024-12-03 15:48:25,567 - __main__ - INFO - Validando conexão RTSP para MyDocs 3...
2024-12-03 15:48:26,529 - __main__ - INFO - Câmera MyDocs 3 adicionada com sucesso.
2024-12-03 15:48:26,533 - __main__ - INFO - Iniciando contêiner FFmpeg para câmera 3.
2024-12-03 15:48:32,303 - __main__ - INFO - Validando conexão RTSP para MyDocs 2...
2024-12-03 15:48:33,257 - __main__ - INFO - Câmera MyDocs 2 adicionada com sucesso.
2024-12-03 15:48:33,272 - __main__ - INFO - Iniciando contêiner FFmpeg para câmera 4.
2024-12-03 15:50:06,180 - __main__ - INFO - Banco de dados inicializado com sucesso.
2024-12-03 15:50:06,206 - __main__ - INFO - Reiniciando contêiner FFmpeg para câmera 2.
2024-12-03 15:50:10,214 - __main__ - INFO - Reiniciando contêiner FFmpeg para câmera 3.
2024-12-03 15:50:13,455 - __main__ - INFO - Reiniciando contêiner FFmpeg para câmera 4.
2024-12-03 15:50:16,427 - werkzeug - WARNING -  * Debugger is active!
2024-12-03 15:55:03,065 - __main__ - INFO - Banco de dados inicializado com sucesso.
2024-12-03 15:55:03,100 - __main__ - INFO - Reiniciando contêiner FFmpeg para câmera 2.
2024-12-03 15:55:06,337 - __main__ - INFO - Reiniciando contêiner FFmpeg para câmera 3.
2024-12-03 15:55:09,699 - __main__ - INFO - Reiniciando contêiner FFmpeg para câmera 4.
2024-12-03 15:55:13,422 - werkzeug - WARNING -  * Debugger is active!
2024-12-03 15:55:38,924 - __main__ - INFO - Recebendo solicitação para criar um mapa.
2024-12-03 15:55:38,961 - __main__ - INFO - Imagem do mapa Mapa 1 salva com sucesso em uploads/maps/8f882227-eef4-4963-86c9-56130a111599_advanced-applications-of-HikCentral-Professional-V2.5.jpg.
2024-12-03 15:55:39,068 - __main__ - INFO - Mapa Mapa 1 criado com sucesso com ID 4.
2024-12-03 15:58:25,903 - __main__ - INFO - Banco de dados inicializado com sucesso.
2024-12-03 15:58:26,798 - __main__ - INFO - Banco de dados inicializado com sucesso.
2024-12-03 15:58:26,834 - werkzeug - WARNING -  * Debugger is active!
2024-12-03 15:58:31,612 - __main__ - INFO - Validando conexão RTSP para MyDocs 2...
2024-12-03 15:58:32,554 - __main__ - INFO - Câmera MyDocs 2 adicionada com sucesso.
2024-12-03 15:58:32,557 - __main__ - INFO - Iniciando contêiner FFmpeg para câmera 1.
2024-12-03 15:58:48,546 - __main__ - INFO - Validando conexão RTSP para MyDocs 1...
2024-12-03 15:58:49,528 - __main__ - INFO - Câmera MyDocs 1 adicionada com sucesso.
2024-12-03 15:58:49,532 - __main__ - INFO - Iniciando contêiner FFmpeg para câmera 2.
2024-12-03 15:58:55,582 - __main__ - INFO - Validando conexão RTSP para MyDocs 3...
2024-12-03 15:58:56,540 - __main__ - INFO - Câmera MyDocs 3 adicionada com sucesso.
2024-12-03 15:58:56,543 - __main__ - INFO - Iniciando contêiner FFmpeg para câmera 3.
2024-12-03 15:59:30,540 - __main__ - INFO - Recebendo solicitação para criar um mapa.
2024-12-03 15:59:30,570 - __main__ - INFO - Imagem do mapa Teste 1 salva com sucesso em uploads/maps/5eba6c21-5d9d-4c40-82b7-80d2039788e1_advanced-applications-of-HikCentral-Professional-V2.5.jpg.
2024-12-03 15:59:30,640 - __main__ - INFO - Mapa Teste 1 criado com sucesso com ID 1.
2024-12-03 16:04:21,919 - __main__ - INFO - Banco de dados inicializado com sucesso.
2024-12-03 16:04:21,949 - __main__ - INFO - Reiniciando contêiner FFmpeg para câmera 1.
2024-12-03 16:04:25,310 - __main__ - INFO - Reiniciando contêiner FFmpeg para câmera 2.
2024-12-03 16:04:28,820 - __main__ - INFO - Reiniciando contêiner FFmpeg para câmera 3.
2024-12-03 16:04:32,649 - werkzeug - WARNING -  * Debugger is active!
2024-12-03 16:06:40,061 - __main__ - INFO - Recebendo solicitação para listar mapas.
2024-12-03 16:06:40,085 - __main__ - INFO - Mapas encontrados: 1
2024-12-03 16:08:10,092 - __main__ - INFO - Recebendo solicitação para listar mapas.
2024-12-03 16:08:10,127 - __main__ - INFO - Mapas encontrados: 1
2024-12-03 16:08:12,080 - __main__ - INFO - Recebendo solicitação para listar mapas.
2024-12-03 16:08:12,083 - __main__ - INFO - Mapas encontrados: 1
2024-12-03 16:08:12,125 - __main__ - INFO - Recebendo solicitação para listar mapas.
2024-12-03 16:08:12,129 - __main__ - INFO - Mapas encontrados: 1
2024-12-03 16:08:21,583 - __main__ - INFO - Recebendo solicitação para listar mapas.
2024-12-03 16:08:21,588 - __main__ - INFO - Mapas encontrados: 1
2024-12-03 16:08:21,601 - __main__ - INFO - Recebendo solicitação para listar mapas.
2024-12-03 16:08:21,617 - __main__ - INFO - Mapas encontrados: 1
2024-12-03 16:08:36,472 - __main__ - INFO - Recebendo solicitação para listar mapas.
2024-12-03 16:08:36,507 - __main__ - INFO - Mapas encontrados: 0
2024-12-03 16:08:36,577 - __main__ - INFO - Recebendo solicitação para listar mapas.
2024-12-03 16:08:36,594 - __main__ - INFO - Mapas encontrados: 0
2024-12-03 16:09:20,312 - __main__ - INFO - Recebendo solicitação para criar um mapa.
2024-12-03 16:09:20,348 - __main__ - INFO - Imagem do mapa Teste 1 salva com sucesso em uploads/maps/32ec7584-f611-4975-84cd-5b58043b9bbb_advanced-applications-of-HikCentral-Professional-V2.5.jpg.
2024-12-03 16:09:20,413 - __main__ - INFO - Mapa Teste 1 criado com sucesso com ID 1.
2024-12-03 16:09:26,721 - __main__ - INFO - Recebendo solicitação para listar mapas.
2024-12-03 16:09:26,734 - __main__ - INFO - Mapas encontrados: 1
2024-12-03 16:09:26,758 - __main__ - INFO - Recebendo solicitação para listar mapas.
2024-12-03 16:09:26,811 - __main__ - INFO - Mapas encontrados: 1
2024-12-03 16:15:13,395 - __main__ - INFO - Recebendo solicitação para listar mapas.
2024-12-03 16:15:13,398 - __main__ - INFO - Mapas encontrados: 1
2024-12-03 16:15:13,413 - __main__ - INFO - Recebendo solicitação para listar mapas.
2024-12-03 16:15:13,429 - __main__ - INFO - Mapas encontrados: 1
2024-12-03 16:19:16,073 - __main__ - INFO - Banco de dados inicializado com sucesso.
2024-12-03 16:19:16,108 - __main__ - INFO - Reiniciando contêiner FFmpeg para câmera 1.
2024-12-03 16:19:19,648 - __main__ - INFO - Reiniciando contêiner FFmpeg para câmera 2.
2024-12-03 16:19:22,398 - __main__ - INFO - Reiniciando contêiner FFmpeg para câmera 3.
2024-12-03 16:19:26,349 - __main__ - INFO - Banco de dados inicializado com sucesso.
2024-12-03 16:19:26,389 - __main__ - INFO - Reiniciando contêiner FFmpeg para câmera 1.
2024-12-03 16:19:30,247 - __main__ - INFO - Reiniciando contêiner FFmpeg para câmera 2.
2024-12-03 16:19:33,702 - __main__ - INFO - Reiniciando contêiner FFmpeg para câmera 3.
2024-12-03 16:19:37,818 - werkzeug - WARNING -  * Debugger is active!
2024-12-03 16:20:34,522 - __main__ - INFO - Recebendo solicitação para listar mapas.
2024-12-03 16:20:34,544 - __main__ - INFO - Mapas encontrados: 1
2024-12-03 16:20:34,558 - __main__ - INFO - Recebendo solicitação para listar mapas.
2024-12-03 16:20:34,563 - __main__ - INFO - Mapas encontrados: 1
2024-12-03 16:24:02,173 - __main__ - INFO - Banco de dados inicializado com sucesso.
2024-12-03 16:24:02,197 - __main__ - INFO - Reiniciando contêiner FFmpeg para câmera 1.
2024-12-03 16:24:05,055 - __main__ - INFO - Reiniciando contêiner FFmpeg para câmera 2.
2024-12-03 16:24:09,056 - __main__ - INFO - Reiniciando contêiner FFmpeg para câmera 3.
2024-12-03 16:24:13,280 - __main__ - INFO - Banco de dados inicializado com sucesso.
2024-12-03 16:24:13,323 - __main__ - INFO - Reiniciando contêiner FFmpeg para câmera 1.
2024-12-03 16:24:17,020 - __main__ - INFO - Reiniciando contêiner FFmpeg para câmera 2.
2024-12-03 16:24:20,060 - __main__ - INFO - Reiniciando contêiner FFmpeg para câmera 3.
2024-12-03 16:24:22,877 - werkzeug - WARNING -  * Debugger is active!
2024-12-03 16:31:59,053 - __main__ - INFO - Validando conexão RTSP...
2024-12-03 16:32:00,056 - __main__ - INFO - Validando conexão RTSP para Ulisses Nunes Rocha...
2024-12-03 16:32:01,003 - __main__ - INFO - Câmera Ulisses Nunes Rocha adicionada com sucesso.
2024-12-03 16:32:01,005 - __main__ - INFO - Iniciando contêiner FFmpeg para câmera 4.
2024-12-03 16:33:51,008 - __main__ - INFO - Validando conexão RTSP...
2024-12-03 16:33:52,044 - __main__ - INFO - Validando conexão RTSP para teste2...
2024-12-03 16:33:53,008 - __main__ - INFO - Câmera teste2 adicionada com sucesso.
2024-12-03 16:33:53,013 - __main__ - INFO - Iniciando contêiner FFmpeg para câmera 5.
2024-12-03 16:39:31,678 - __main__ - INFO - Recebendo solicitação para listar mapas.
2024-12-03 16:39:31,684 - __main__ - INFO - Mapas encontrados: 1
2024-12-03 16:39:31,703 - __main__ - INFO - Recebendo solicitação para listar mapas.
2024-12-03 16:39:31,707 - __main__ - INFO - Mapas encontrados: 1
2024-12-03 16:43:39,115 - __main__ - INFO - Recebendo solicitação para criar um mapa.
2024-12-03 16:43:39,126 - __main__ - INFO - Imagem do mapa usina teste salva com sucesso em uploads/maps/0ed0db87-a589-4c05-b443-ab2c0ebb2fc5_Aquiraz.jpg.
2024-12-03 16:43:39,184 - __main__ - INFO - Mapa usina teste criado com sucesso com ID 2.
2024-12-03 16:44:31,344 - __main__ - INFO - Câmera Ulisses Nunes Rocha removida com sucesso.
2024-12-03 16:44:31,348 - __main__ - INFO - Diretório /home/vagrant/go2rtc/app/output/4 removido com sucesso.
2024-12-03 16:46:45,529 - __main__ - INFO - Recebendo solicitação para criar um mapa.
2024-12-03 16:46:45,543 - __main__ - INFO - Imagem do mapa teste2 salva com sucesso em uploads/maps/4dd65a28-fd23-499a-87bd-1a3c9189580f_Aquiraz.jpg.
2024-12-03 16:46:45,621 - __main__ - INFO - Mapa teste2 criado com sucesso com ID 3.
2024-12-03 16:48:35,899 - __main__ - INFO - Banco de dados inicializado com sucesso.
2024-12-03 16:48:36,793 - __main__ - INFO - Banco de dados inicializado com sucesso.
2024-12-03 16:48:36,828 - werkzeug - WARNING -  * Debugger is active!
2024-12-03 16:53:05,978 - __main__ - INFO - Validando conexão RTSP para MyDocs 3...
2024-12-03 16:53:07,023 - __main__ - INFO - Câmera MyDocs 3 adicionada com sucesso.
2024-12-03 16:53:07,027 - __main__ - INFO - Iniciando contêiner FFmpeg para câmera 1.
2024-12-03 16:53:09,857 - __main__ - INFO - Validando conexão RTSP para MyDocs 2...
2024-12-03 16:53:10,801 - __main__ - INFO - Câmera MyDocs 2 adicionada com sucesso.
2024-12-03 16:53:10,804 - __main__ - INFO - Iniciando contêiner FFmpeg para câmera 2.
2024-12-03 16:53:14,682 - __main__ - INFO - Validando conexão RTSP para MyDocs 1...
2024-12-03 16:53:15,680 - __main__ - INFO - Câmera MyDocs 1 adicionada com sucesso.
2024-12-03 16:53:15,689 - __main__ - INFO - Iniciando contêiner FFmpeg para câmera 3.
2024-12-03 17:11:20,390 - __main__ - INFO - Recebendo solicitação para listar mapas.
2024-12-03 17:11:20,396 - __main__ - INFO - Mapas encontrados: 0
2024-12-03 17:11:20,415 - __main__ - INFO - Recebendo solicitação para listar mapas.
2024-12-03 17:11:20,461 - __main__ - INFO - Mapas encontrados: 0
2024-12-03 17:11:25,724 - __main__ - INFO - Recebendo solicitação para listar mapas.
2024-12-03 17:11:25,726 - __main__ - INFO - Mapas encontrados: 0
2024-12-03 17:11:25,739 - __main__ - INFO - Recebendo solicitação para listar mapas.
2024-12-03 17:11:25,743 - __main__ - INFO - Mapas encontrados: 0
2024-12-03 17:18:28,951 - __main__ - INFO - Recebendo solicitação para criar um mapa.
2024-12-03 17:18:28,973 - __main__ - INFO - Imagem do mapa Mapa Aquiraz salva com sucesso em uploads/maps/2f9cebdc-5c54-43b6-a152-296c74cebcaf_Aquiraz.jpg.
2024-12-03 17:18:29,042 - __main__ - INFO - Mapa Mapa Aquiraz criado com sucesso com ID 1.
2024-12-03 17:18:41,847 - __main__ - INFO - Recebendo solicitação para listar mapas.
2024-12-03 17:18:41,853 - __main__ - INFO - Mapas encontrados: 1
2024-12-03 17:18:41,870 - __main__ - INFO - Recebendo solicitação para listar mapas.
2024-12-03 17:18:41,874 - __main__ - INFO - Mapas encontrados: 1
2024-12-03 17:58:55,996 - __main__ - INFO - Recebendo solicitação para listar mapas.
2024-12-03 17:58:56,004 - __main__ - INFO - Mapas encontrados: 1
2024-12-03 17:58:56,022 - __main__ - INFO - Recebendo solicitação para listar mapas.
2024-12-03 17:58:56,044 - __main__ - INFO - Mapas encontrados: 1
2024-12-03 19:13:17,728 - __main__ - INFO - Banco de dados inicializado com sucesso.
2024-12-03 19:13:17,742 - __main__ - INFO - Reiniciando contêiner FFmpeg para câmera 1.
2024-12-03 19:13:28,444 - __main__ - INFO - Reiniciando contêiner FFmpeg para câmera 2.
2024-12-03 19:13:31,113 - __main__ - INFO - Reiniciando contêiner FFmpeg para câmera 3.
2024-12-03 19:13:34,743 - __main__ - INFO - Banco de dados inicializado com sucesso.
2024-12-03 19:13:34,762 - __main__ - INFO - Reiniciando contêiner FFmpeg para câmera 1.
2024-12-03 19:13:38,148 - __main__ - INFO - Reiniciando contêiner FFmpeg para câmera 2.
2024-12-03 19:13:41,072 - __main__ - INFO - Reiniciando contêiner FFmpeg para câmera 3.
2024-12-03 19:13:44,332 - werkzeug - WARNING -  * Debugger is active!
2024-12-03 19:14:54,199 - __main__ - INFO - Banco de dados inicializado com sucesso.
2024-12-03 19:14:55,299 - __main__ - INFO - Banco de dados inicializado com sucesso.
2024-12-03 19:14:55,339 - werkzeug - WARNING -  * Debugger is active!
2024-12-03 19:17:35,946 - __main__ - INFO - Banco de dados inicializado com sucesso.
2024-12-03 19:17:37,803 - __main__ - INFO - Banco de dados inicializado com sucesso.
2024-12-03 19:17:37,846 - werkzeug - WARNING -  * Debugger is active!
2024-12-03 19:32:52,491 - __main__ - INFO - Banco de dados inicializado com sucesso.
2024-12-03 19:32:53,275 - __main__ - INFO - Banco de dados inicializado com sucesso.
2024-12-03 19:32:53,303 - werkzeug - WARNING -  * Debugger is active!
2024-12-03 19:36:47,911 - __main__ - INFO - Banco de dados inicializado com sucesso.
2024-12-03 19:36:48,921 - __main__ - INFO - Banco de dados inicializado com sucesso.
2024-12-03 19:36:48,969 - werkzeug - WARNING -  * Debugger is active!
2024-12-03 19:46:38,932 - __main__ - INFO - Banco de dados inicializado com sucesso.
2024-12-03 19:46:40,225 - __main__ - INFO - Banco de dados inicializado com sucesso.
2024-12-03 19:46:40,276 - werkzeug - WARNING -  * Debugger is active!
2024-12-03 19:48:35,848 - __main__ - INFO - Validando conexão RTSP para MyDocs 1...
2024-12-03 19:48:36,920 - __main__ - INFO - Câmera MyDocs 1 adicionada com sucesso.
2024-12-03 19:48:36,924 - __main__ - INFO - Iniciando contêiner FFmpeg para câmera 1.
2024-12-03 19:55:58,988 - __main__ - INFO - Banco de dados inicializado com sucesso.
2024-12-03 19:56:00,381 - __main__ - INFO - Banco de dados inicializado com sucesso.
2024-12-03 19:56:00,469 - werkzeug - WARNING -  * Debugger is active!
2024-12-03 19:56:24,838 - __main__ - INFO - Recebendo solicitação para listar mapas.
2024-12-03 19:56:24,841 - __main__ - INFO - Mapas encontrados: 0
2024-12-03 19:56:24,851 - __main__ - INFO - Recebendo solicitação para listar mapas.
2024-12-03 19:56:24,853 - __main__ - INFO - Mapas encontrados: 0
2024-12-03 19:58:53,106 - __main__ - INFO - Validando conexão RTSP para MyDocs 1...
2024-12-03 19:58:54,145 - __main__ - INFO - Câmera MyDocs 1 adicionada com sucesso.
2024-12-03 19:58:54,148 - __main__ - INFO - Iniciando contêiner FFmpeg para câmera 1.
2024-12-03 19:59:45,443 - __main__ - INFO - Banco de dados inicializado com sucesso.
2024-12-03 19:59:46,493 - __main__ - INFO - Banco de dados inicializado com sucesso.
2024-12-03 19:59:46,523 - werkzeug - WARNING -  * Debugger is active!
2024-12-03 19:59:50,157 - __main__ - INFO - Validando conexão RTSP para MyDocs 1...
2024-12-03 19:59:51,175 - __main__ - INFO - Câmera MyDocs 1 adicionada com sucesso.
2024-12-03 19:59:51,178 - __main__ - INFO - Iniciando contêiner FFmpeg para câmera 1.
2024-12-03 20:03:35,994 - __main__ - INFO - Recebendo solicitação para listar mapas.
2024-12-03 20:03:36,000 - __main__ - INFO - Mapas encontrados: 0
2024-12-03 20:05:30,869 - __main__ - INFO - Banco de dados inicializado com sucesso.
2024-12-03 20:05:31,894 - __main__ - INFO - Banco de dados inicializado com sucesso.
2024-12-03 20:05:31,939 - werkzeug - WARNING -  * Debugger is active!
2024-12-03 20:08:31,568 - __main__ - INFO - Banco de dados inicializado com sucesso.
2024-12-03 20:08:32,565 - __main__ - INFO - Banco de dados inicializado com sucesso.
2024-12-03 20:08:32,613 - werkzeug - WARNING -  * Debugger is active!
2024-12-03 20:09:12,175 - __main__ - INFO - Validando conexão RTSP para MyDocs 1...
2024-12-03 20:09:13,157 - __main__ - INFO - Câmera MyDocs 1 adicionada com sucesso.
2024-12-03 20:09:13,162 - __main__ - INFO - Iniciando contêiner FFmpeg para câmera 1.
2024-12-03 20:19:03,334 - __main__ - INFO - Recebendo solicitação para listar mapas.
2024-12-03 20:19:03,345 - __main__ - INFO - Mapas encontrados: 0
2024-12-03 20:19:03,680 - __main__ - INFO - Recebendo solicitação para listar mapas.
2024-12-03 20:19:03,682 - __main__ - INFO - Mapas encontrados: 0
2024-12-03 20:19:46,175 - __main__ - INFO - Recebendo solicitação para listar mapas.
2024-12-03 20:19:46,180 - __main__ - INFO - Mapas encontrados: 0
2024-12-03 20:23:17,481 - __main__ - INFO - Câmera MyDocs 1 removida com sucesso.
2024-12-03 20:23:32,880 - __main__ - INFO - Validando conexão RTSP para MyDocs 1...
2024-12-03 20:23:33,838 - __main__ - INFO - Câmera MyDocs 1 adicionada com sucesso.
2024-12-03 20:23:33,840 - __main__ - INFO - Iniciando contêiner FFmpeg para câmera 1.
2024-12-03 20:27:46,992 - __main__ - INFO - Recebendo solicitação para listar mapas.
2024-12-03 20:27:46,994 - __main__ - INFO - Mapas encontrados: 0
2024-12-03 20:27:47,328 - __main__ - INFO - Recebendo solicitação para listar mapas.
2024-12-03 20:27:47,331 - __main__ - INFO - Mapas encontrados: 0
2024-12-04 17:35:56,848 - __main__ - INFO - Banco de dados inicializado com sucesso.
2024-12-04 17:35:58,101 - __main__ - INFO - Banco de dados inicializado com sucesso.
2024-12-04 17:35:58,147 - werkzeug - WARNING -  * Debugger is active!
2024-12-04 17:36:25,718 - __main__ - INFO - Validando conexão RTSP para MyDocs 1...
2024-12-04 17:36:26,799 - __main__ - INFO - Câmera MyDocs 1 adicionada com sucesso.
2024-12-04 17:36:26,802 - __main__ - INFO - Iniciando contêiner FFmpeg para câmera 1.
2024-12-04 17:39:00,133 - __main__ - INFO - Banco de dados inicializado com sucesso.
2024-12-04 17:39:01,181 - __main__ - INFO - Banco de dados inicializado com sucesso.
2024-12-04 17:39:01,228 - werkzeug - WARNING -  * Debugger is active!
2024-12-04 17:39:35,726 - __main__ - WARNING - Câmera com nome MyDocs 1 e agrupamento Área Externa já existe.
2024-12-04 17:39:42,453 - __main__ - INFO - Validando conexão RTSP para MyDocs 2...
2024-12-04 17:39:43,575 - __main__ - INFO - Câmera MyDocs 2 adicionada com sucesso.
2024-12-04 17:39:43,578 - __main__ - INFO - Iniciando contêiner FFmpeg para câmera 2.
2024-12-04 17:40:49,454 - __main__ - INFO - Banco de dados inicializado com sucesso.
2024-12-04 17:40:50,337 - __main__ - INFO - Banco de dados inicializado com sucesso.
2024-12-04 17:40:50,392 - werkzeug - WARNING -  * Debugger is active!
2024-12-04 17:46:19,830 - __main__ - INFO - Banco de dados inicializado com sucesso.
2024-12-04 17:46:21,048 - __main__ - INFO - Banco de dados inicializado com sucesso.
2024-12-04 17:46:21,105 - werkzeug - WARNING -  * Debugger is active!
2024-12-04 17:47:57,583 - __main__ - WARNING - Câmera com ID 2 não encontrada.
2024-12-04 17:48:03,810 - __main__ - INFO - Validando conexão RTSP para MyDocs 2...
2024-12-04 17:48:04,913 - __main__ - INFO - Câmera MyDocs 2 adicionada com sucesso.
2024-12-04 17:48:04,917 - __main__ - INFO - Iniciando contêiner FFmpeg para câmera 1.
2024-12-04 17:49:16,103 - __main__ - INFO - Recebendo solicitação para listar mapas.
2024-12-04 17:49:16,125 - __main__ - INFO - Mapas encontrados: 0
2024-12-04 18:05:31,449 - __main__ - INFO - Banco de dados inicializado com sucesso.
2024-12-04 18:05:33,670 - __main__ - INFO - Banco de dados inicializado com sucesso.
2024-12-04 18:05:33,722 - werkzeug - WARNING -  * Debugger is active!
2024-12-04 18:06:14,186 - __main__ - INFO - Validando conexão RTSP para MyDocs 2...
2024-12-04 18:06:15,237 - __main__ - INFO - Câmera MyDocs 2 adicionada com sucesso.
2024-12-04 18:06:15,241 - __main__ - INFO - Iniciando contêiner FFmpeg para câmera 1.
2024-12-04 18:06:27,169 - __main__ - INFO - Câmera MyDocs 2 removida com sucesso.
2024-12-04 18:06:27,170 - __main__ - INFO - Diretório /home/vagrant/go2rtc/app/output/1 removido com sucesso.
2024-12-04 18:06:45,085 - __main__ - INFO - Validando conexão RTSP para MyDocs 2...
2024-12-04 18:06:46,241 - __main__ - INFO - Câmera MyDocs 2 adicionada com sucesso.
2024-12-04 18:06:46,243 - __main__ - INFO - Iniciando contêiner FFmpeg para câmera 1.
2024-12-04 18:20:41,383 - __main__ - INFO - Recebendo solicitação para listar mapas.
2024-12-04 18:20:41,390 - __main__ - INFO - Mapas encontrados: 0
2024-12-04 18:20:41,400 - __main__ - INFO - Recebendo solicitação para listar mapas.
2024-12-04 18:20:41,404 - __main__ - INFO - Mapas encontrados: 0
2024-12-04 18:23:18,044 - __main__ - INFO - Recebendo solicitação para listar mapas.
2024-12-04 18:23:18,050 - __main__ - INFO - Mapas encontrados: 0
2024-12-04 18:26:26,037 - __main__ - INFO - Recebendo solicitação para listar mapas.
2024-12-04 18:26:26,040 - __main__ - INFO - Mapas encontrados: 0
2024-12-04 18:26:28,028 - __main__ - INFO - Recebendo solicitação para listar mapas.
2024-12-04 18:26:28,031 - __main__ - INFO - Mapas encontrados: 0
2024-12-04 18:26:48,331 - __main__ - INFO - Recebendo solicitação para criar um mapa.
2024-12-04 18:26:48,347 - __main__ - INFO - Imagem do mapa teste salva com sucesso em uploads/maps/de0d34bd-f07d-4d36-a325-14525ec5dd6f_8bf78ef2e72e37aba45e12709533e7bb.jpg.
2024-12-04 18:26:48,386 - __main__ - INFO - Mapa teste criado com sucesso com ID 1.
2024-12-04 18:26:58,169 - __main__ - INFO - Recebendo solicitação para listar mapas.
2024-12-04 18:26:58,171 - __main__ - INFO - Mapas encontrados: 1
2024-12-04 18:26:58,179 - __main__ - INFO - Recebendo solicitação para listar mapas.
2024-12-04 18:26:58,184 - __main__ - INFO - Mapas encontrados: 1
2024-12-04 18:37:08,718 - __main__ - INFO - Câmera MyDocs 2 removida com sucesso.
2024-12-04 18:37:08,719 - __main__ - INFO - Diretório /home/vagrant/go2rtc/app/output/1 removido com sucesso.
2024-12-04 18:38:32,012 - __main__ - INFO - Recebendo solicitação para listar mapas.
2024-12-04 18:38:32,017 - __main__ - INFO - Mapas encontrados: 1
2024-12-04 18:38:35,937 - __main__ - INFO - Validando conexão RTSP para MyDocs 2...
2024-12-04 18:38:37,694 - __main__ - INFO - Câmera MyDocs 2 adicionada com sucesso.
2024-12-04 18:38:37,698 - __main__ - INFO - Iniciando contêiner FFmpeg para câmera 1.
2024-12-05 15:57:54,490 - __main__ - INFO - Banco de dados inicializado com sucesso.
2024-12-05 15:57:54,525 - __main__ - INFO - Reiniciando contêiner FFmpeg para câmera 1.
2024-12-05 15:57:58,706 - __main__ - INFO - Banco de dados inicializado com sucesso.
2024-12-05 15:57:58,730 - __main__ - INFO - Reiniciando contêiner FFmpeg para câmera 1.
2024-12-05 16:05:54,703 - __main__ - INFO - Banco de dados inicializado com sucesso.
2024-12-05 16:05:55,923 - __main__ - INFO - Banco de dados inicializado com sucesso.
2024-12-05 16:05:55,996 - werkzeug - WARNING -  * Debugger is active!
2024-12-05 16:06:30,466 - __main__ - INFO - Banco de dados inicializado com sucesso.
2024-12-05 16:06:31,372 - __main__ - INFO - Banco de dados inicializado com sucesso.
2024-12-05 16:06:31,415 - werkzeug - WARNING -  * Debugger is active!
2024-12-05 16:08:27,985 - __main__ - INFO - Banco de dados inicializado com sucesso.
2024-12-05 16:08:29,001 - __main__ - INFO - Banco de dados inicializado com sucesso.
2024-12-05 16:08:29,048 - werkzeug - WARNING -  * Debugger is active!
2024-12-05 16:08:42,828 - __main__ - INFO - Validando conexão RTSP para MyDocs 2...
2024-12-05 16:08:44,020 - __main__ - INFO - Câmera MyDocs 2 adicionada com sucesso.
2024-12-05 16:08:44,027 - __main__ - INFO - Iniciando contêiner FFmpeg para câmera 1.
2024-12-05 16:09:08,073 - __main__ - INFO - Câmera MyDocs 2 removida com sucesso.
2024-12-05 16:09:08,074 - __main__ - INFO - Diretório /home/vagrant/go2rtc/app/output/1 removido com sucesso.
2024-12-05 16:09:39,403 - __main__ - INFO - Banco de dados inicializado com sucesso.
2024-12-05 16:09:40,158 - __main__ - INFO - Banco de dados inicializado com sucesso.
2024-12-05 16:09:40,200 - werkzeug - WARNING -  * Debugger is active!
2024-12-05 16:10:01,915 - __main__ - INFO - Validando conexão RTSP para MyDocs 2...
2024-12-05 16:10:03,098 - __main__ - INFO - Câmera MyDocs 2 adicionada com sucesso.
2024-12-05 16:10:03,102 - __main__ - INFO - Iniciando contêiner FFmpeg para câmera 1.
2024-12-05 16:13:12,595 - __main__ - INFO - Recebendo solicitação para criar um mapa.
2024-12-05 16:13:12,602 - __main__ - INFO - Imagem do mapa Teste Novo salva com sucesso em uploads/maps/a7d53ba9-e144-4b92-a4ca-503272638aa3_camara-de-seguranca-detecta-o-movimento-do-trafego-camara-de-seguranca-do-cctv-em-isometrico-do-engarrafamento-com-horas-68844204.webp.
2024-12-05 16:13:12,654 - __main__ - INFO - Mapa Teste Novo criado com sucesso com ID 1.
2024-12-05 16:13:22,532 - __main__ - INFO - Recebendo solicitação para listar mapas.
2024-12-05 16:13:22,538 - __main__ - INFO - Mapas encontrados: 1
2024-12-05 16:13:22,551 - __main__ - INFO - Recebendo solicitação para listar mapas.
2024-12-05 16:13:22,555 - __main__ - INFO - Mapas encontrados: 1
2024-12-05 17:26:20,997 - __main__ - INFO - Recebendo solicitação para criar um mapa.
2024-12-05 17:26:21,046 - __main__ - INFO - Imagem do mapa Teste Novo 2 salva com sucesso em uploads/maps/6775bc3c-10b9-471a-8622-8ecccfb89317_camara-de-seguranca-detecta-o-movimento-do-trafego-camara-de-seguranca-do-cctv-em-isometrico-do-engarrafamento-com-horas-68844204.webp.
2024-12-05 17:26:21,134 - __main__ - INFO - Mapa Teste Novo 2 criado com sucesso com ID 2.
2024-12-05 17:33:55,356 - __main__ - INFO - Banco de dados inicializado com sucesso.
2024-12-05 17:33:55,376 - __main__ - INFO - Reiniciando contêiner FFmpeg para câmera 1.
2024-12-05 17:33:59,755 - __main__ - INFO - Banco de dados inicializado com sucesso.
2024-12-05 17:33:59,784 - __main__ - INFO - Reiniciando contêiner FFmpeg para câmera 1.
2024-12-05 17:34:02,910 - werkzeug - WARNING -  * Debugger is active!
2024-12-05 17:36:06,824 - __main__ - INFO - Banco de dados inicializado com sucesso.
2024-12-05 17:36:06,842 - __main__ - INFO - Reiniciando contêiner FFmpeg para câmera 1.
2024-12-05 17:36:09,886 - __main__ - INFO - Banco de dados inicializado com sucesso.
2024-12-05 17:36:09,909 - __main__ - INFO - Reiniciando contêiner FFmpeg para câmera 1.
2024-12-05 17:36:12,551 - werkzeug - WARNING -  * Debugger is active!
2024-12-05 17:36:56,398 - __main__ - INFO - Banco de dados inicializado com sucesso.
2024-12-05 17:36:57,410 - __main__ - INFO - Banco de dados inicializado com sucesso.
2024-12-05 17:36:57,448 - werkzeug - WARNING -  * Debugger is active!
2024-12-05 17:38:58,946 - __main__ - INFO - Banco de dados inicializado com sucesso.
2024-12-05 17:39:00,106 - __main__ - INFO - Banco de dados inicializado com sucesso.
2024-12-05 17:39:00,157 - werkzeug - WARNING -  * Debugger is active!
2024-12-05 17:40:55,550 - __main__ - INFO - Banco de dados inicializado com sucesso.
2024-12-05 17:40:56,437 - __main__ - INFO - Banco de dados inicializado com sucesso.
2024-12-05 17:40:56,479 - werkzeug - WARNING -  * Debugger is active!
2024-12-05 17:46:00,286 - __main__ - INFO - Banco de dados inicializado com sucesso.
2024-12-05 17:46:01,229 - __main__ - INFO - Banco de dados inicializado com sucesso.
2024-12-05 17:46:01,278 - werkzeug - WARNING -  * Debugger is active!
2024-12-05 17:46:17,300 - __main__ - INFO - Validando conexão RTSP para MyDocs 2...
2024-12-05 17:46:18,506 - __main__ - INFO - Câmera MyDocs 2 adicionada com sucesso.
2024-12-05 17:46:18,510 - __main__ - INFO - Iniciando contêiner FFmpeg para câmera 1.
2024-12-05 17:48:03,509 - __main__ - INFO - Banco de dados inicializado com sucesso.
2024-12-05 17:48:03,523 - __main__ - INFO - Reiniciando contêiner FFmpeg para câmera 1.
2024-12-05 17:48:07,060 - __main__ - INFO - Banco de dados inicializado com sucesso.
2024-12-05 17:48:07,083 - __main__ - INFO - Reiniciando contêiner FFmpeg para câmera 1.
2024-12-05 17:48:09,555 - werkzeug - WARNING -  * Debugger is active!
2024-12-05 17:48:51,493 - __main__ - INFO - Recebendo solicitação para criar um mapa.
2024-12-05 17:48:51,500 - __main__ - INFO - Imagem do mapa  salva com sucesso em uploads/maps/c11f7578-3ad3-4584-bdd5-673dc26cdaf0_camara-de-seguranca-detecta-o-movimento-do-trafego-camara-de-seguranca-do-cctv-em-isometrico-do-engarrafamento-com-horas-68844204.webp.
2024-12-05 17:48:51,544 - __main__ - INFO - Mapa  criado com sucesso com ID 1.
2024-12-05 17:49:17,643 - __main__ - INFO - Recebendo solicitação para listar mapas.
2024-12-05 17:49:17,647 - __main__ - INFO - Mapas encontrados: 1
2024-12-05 17:49:17,673 - __main__ - INFO - Recebendo solicitação para listar mapas.
2024-12-05 17:49:17,676 - __main__ - INFO - Mapas encontrados: 1
2024-12-05 17:56:00,503 - __main__ - INFO - Banco de dados inicializado com sucesso.
2024-12-05 17:56:00,527 - __main__ - INFO - Reiniciando contêiner FFmpeg para câmera 1.
2024-12-05 17:56:04,370 - __main__ - INFO - Banco de dados inicializado com sucesso.
2024-12-05 17:56:04,402 - __main__ - INFO - Reiniciando contêiner FFmpeg para câmera 1.
2024-12-05 17:56:06,838 - werkzeug - WARNING -  * Debugger is active!
2024-12-05 19:46:05,256 - __main__ - INFO - Banco de dados inicializado com sucesso.
2024-12-05 19:46:05,281 - __main__ - INFO - Reiniciando contêiner FFmpeg para câmera 1.
2024-12-05 19:46:09,046 - werkzeug - WARNING -  * Debugger is active!
2024-12-05 20:06:59,219 - __main__ - INFO - Banco de dados inicializado com sucesso.
2024-12-05 20:07:00,502 - __main__ - INFO - Banco de dados inicializado com sucesso.
2024-12-05 20:07:00,559 - werkzeug - WARNING -  * Debugger is active!
